c:\users\kucg\source\repos\sph\x64\debug\vc142.pdb
c:\users\kucg\source\repos\sph\x64\debug\vc142.idb
c:\users\kucg\source\repos\sph\x64\debug\viewer.obj
c:\users\kucg\source\repos\sph\x64\debug\vec3d.obj
c:\users\kucg\source\repos\sph\x64\debug\simulator.obj
c:\users\kucg\source\repos\sph\x64\debug\particle.obj
c:\users\kucg\source\repos\sph\x64\debug\main.obj
c:\users\kucg\source\repos\sph\x64\debug\sph.pdb
c:\users\kucg\source\repos\sph\x64\debug\sph.tlog\cl.command.1.tlog
c:\users\kucg\source\repos\sph\x64\debug\sph.tlog\cl.read.1.tlog
c:\users\kucg\source\repos\sph\x64\debug\sph.tlog\cl.write.1.tlog
c:\users\kucg\source\repos\sph\x64\debug\sph.tlog\link-cvtres.read.1.tlog
c:\users\kucg\source\repos\sph\x64\debug\sph.tlog\link-cvtres.write.1.tlog
c:\users\kucg\source\repos\sph\x64\debug\sph.tlog\link-rc.read.1.tlog
c:\users\kucg\source\repos\sph\x64\debug\sph.tlog\link-rc.write.1.tlog
c:\users\kucg\source\repos\sph\x64\debug\sph.tlog\link.41676-cvtres.read.1.tlog
c:\users\kucg\source\repos\sph\x64\debug\sph.tlog\link.41676-cvtres.write.1.tlog
c:\users\kucg\source\repos\sph\x64\debug\sph.tlog\link.41676-rc.read.1.tlog
c:\users\kucg\source\repos\sph\x64\debug\sph.tlog\link.41676-rc.write.1.tlog
c:\users\kucg\source\repos\sph\x64\debug\sph.tlog\link.41676.read.1.tlog
c:\users\kucg\source\repos\sph\x64\debug\sph.tlog\link.41676.write.1.tlog
c:\users\kucg\source\repos\sph\x64\debug\sph.tlog\link.command.1.tlog
c:\users\kucg\source\repos\sph\x64\debug\sph.tlog\link.read.1.tlog
c:\users\kucg\source\repos\sph\x64\debug\sph.tlog\link.write.1.tlog
